2024/09/15 16:39:15 [notice] 1#1: using the "epoll" event method
2024/09/15 16:39:15 [notice] 1#1: nginx/1.27.1
2024/09/15 16:39:15 [notice] 1#1: built by gcc 12.2.0 (Debian 12.2.0-14) 
2024/09/15 16:39:15 [notice] 1#1: OS: Linux 6.10.10-arch1-1
2024/09/15 16:39:15 [notice] 1#1: getrlimit(RLIMIT_NOFILE): 1073741816:1073741816
2024/09/15 16:39:15 [notice] 1#1: start worker processes
2024/09/15 16:39:15 [notice] 1#1: start worker process 28
2024/09/15 16:39:15 [notice] 1#1: start worker process 29
2024/09/15 16:39:15 [notice] 1#1: start worker process 30
2024/09/15 16:39:15 [notice] 1#1: start worker process 31
2024/09/15 16:39:15 [notice] 1#1: start worker process 32
2024/09/15 16:39:15 [notice] 1#1: start worker process 33
2024/09/15 16:39:15 [notice] 1#1: start worker process 34
2024/09/15 16:39:15 [notice] 1#1: start worker process 35
2024/09/15 16:39:15 [notice] 1#1: start worker process 36
2024/09/15 16:39:15 [notice] 1#1: start worker process 37
2024/09/15 16:39:15 [notice] 1#1: start worker process 38
2024/09/15 16:39:15 [notice] 1#1: start worker process 39
2024/09/15 16:41:42 [notice] 1#1: signal 3 (SIGQUIT) received, shutting down
2024/09/15 16:41:42 [notice] 30#30: gracefully shutting down
2024/09/15 16:41:42 [notice] 28#28: gracefully shutting down
2024/09/15 16:41:42 [notice] 29#29: gracefully shutting down
2024/09/15 16:41:42 [notice] 28#28: exiting
2024/09/15 16:41:42 [notice] 33#33: gracefully shutting down
2024/09/15 16:41:42 [notice] 29#29: exiting
2024/09/15 16:41:42 [notice] 32#32: gracefully shutting down
2024/09/15 16:41:42 [notice] 33#33: exiting
2024/09/15 16:41:42 [notice] 31#31: gracefully shutting down
2024/09/15 16:41:42 [notice] 32#32: exiting
2024/09/15 16:41:42 [notice] 36#36: gracefully shutting down
2024/09/15 16:41:42 [notice] 31#31: exiting
2024/09/15 16:41:42 [notice] 34#34: gracefully shutting down
2024/09/15 16:41:42 [notice] 28#28: exit
2024/09/15 16:41:42 [notice] 29#29: exit
2024/09/15 16:41:42 [notice] 37#37: gracefully shutting down
2024/09/15 16:41:42 [notice] 33#33: exit
2024/09/15 16:41:42 [notice] 36#36: exiting
2024/09/15 16:41:42 [notice] 38#38: gracefully shutting down
2024/09/15 16:41:42 [notice] 34#34: exiting
2024/09/15 16:41:42 [notice] 32#32: exit
2024/09/15 16:41:42 [notice] 37#37: exiting
2024/09/15 16:41:42 [notice] 31#31: exit
2024/09/15 16:41:42 [notice] 38#38: exiting
2024/09/15 16:41:42 [notice] 36#36: exit
2024/09/15 16:41:42 [notice] 34#34: exit
2024/09/15 16:41:42 [notice] 37#37: exit
2024/09/15 16:41:42 [notice] 38#38: exit
2024/09/15 16:41:42 [notice] 39#39: gracefully shutting down
2024/09/15 16:41:42 [notice] 35#35: gracefully shutting down
2024/09/15 16:41:42 [notice] 39#39: exiting
2024/09/15 16:41:42 [notice] 30#30: exiting
2024/09/15 16:41:42 [notice] 35#35: exiting
2024/09/15 16:41:42 [notice] 39#39: exit
2024/09/15 16:41:42 [notice] 30#30: exit
2024/09/15 16:41:42 [notice] 35#35: exit
2024/09/15 16:41:42 [notice] 1#1: signal 17 (SIGCHLD) received from 31
2024/09/15 16:41:42 [notice] 1#1: worker process 28 exited with code 0
2024/09/15 16:41:42 [notice] 1#1: worker process 31 exited with code 0
2024/09/15 16:41:42 [notice] 1#1: worker process 32 exited with code 0
2024/09/15 16:41:42 [notice] 1#1: worker process 36 exited with code 0
2024/09/15 16:41:42 [notice] 1#1: worker process 37 exited with code 0
2024/09/15 16:41:42 [notice] 1#1: worker process 38 exited with code 0
2024/09/15 16:41:42 [notice] 1#1: worker process 39 exited with code 0
2024/09/15 16:41:42 [notice] 1#1: signal 29 (SIGIO) received
2024/09/15 16:41:42 [notice] 1#1: signal 17 (SIGCHLD) received from 39
2024/09/15 16:41:42 [notice] 1#1: signal 17 (SIGCHLD) received from 30
2024/09/15 16:41:42 [notice] 1#1: worker process 29 exited with code 0
2024/09/15 16:41:42 [notice] 1#1: worker process 30 exited with code 0
2024/09/15 16:41:42 [notice] 1#1: signal 29 (SIGIO) received
2024/09/15 16:41:42 [notice] 1#1: signal 17 (SIGCHLD) received from 35
2024/09/15 16:41:42 [notice] 1#1: worker process 34 exited with code 0
2024/09/15 16:41:42 [notice] 1#1: worker process 33 exited with code 0
2024/09/15 16:41:42 [notice] 1#1: worker process 35 exited with code 0
2024/09/15 16:41:42 [notice] 1#1: exit
2024/09/15 16:48:19 [notice] 1#1: using the "epoll" event method
2024/09/15 16:48:19 [notice] 1#1: nginx/1.27.1
2024/09/15 16:48:19 [notice] 1#1: built by gcc 12.2.0 (Debian 12.2.0-14) 
2024/09/15 16:48:19 [notice] 1#1: OS: Linux 6.10.10-arch1-1
2024/09/15 16:48:19 [notice] 1#1: getrlimit(RLIMIT_NOFILE): 1073741816:1073741816
2024/09/15 16:48:19 [notice] 1#1: start worker processes
2024/09/15 16:48:19 [notice] 1#1: start worker process 28
2024/09/15 16:48:19 [notice] 1#1: start worker process 29
2024/09/15 16:48:19 [notice] 1#1: start worker process 30
2024/09/15 16:48:19 [notice] 1#1: start worker process 31
2024/09/15 16:48:19 [notice] 1#1: start worker process 32
2024/09/15 16:48:19 [notice] 1#1: start worker process 33
2024/09/15 16:48:19 [notice] 1#1: start worker process 34
2024/09/15 16:48:19 [notice] 1#1: start worker process 35
2024/09/15 16:48:19 [notice] 1#1: start worker process 36
2024/09/15 16:48:19 [notice] 1#1: start worker process 37
2024/09/15 16:48:19 [notice] 1#1: start worker process 38
2024/09/15 16:48:19 [notice] 1#1: start worker process 39
2024/09/15 16:49:54 [notice] 1#1: signal 3 (SIGQUIT) received, shutting down
2024/09/15 16:49:54 [notice] 28#28: gracefully shutting down
2024/09/15 16:49:54 [notice] 30#30: gracefully shutting down
2024/09/15 16:49:54 [notice] 29#29: gracefully shutting down
2024/09/15 16:49:54 [notice] 32#32: gracefully shutting down
2024/09/15 16:49:54 [notice] 33#33: gracefully shutting down
2024/09/15 16:49:54 [notice] 31#31: gracefully shutting down
2024/09/15 16:49:54 [notice] 34#34: gracefully shutting down
2024/09/15 16:49:54 [notice] 35#35: gracefully shutting down
2024/09/15 16:49:54 [notice] 36#36: gracefully shutting down
2024/09/15 16:49:54 [notice] 37#37: gracefully shutting down
2024/09/15 16:49:54 [notice] 28#28: exiting
2024/09/15 16:49:54 [notice] 38#38: gracefully shutting down
2024/09/15 16:49:54 [notice] 30#30: exiting
2024/09/15 16:49:54 [notice] 29#29: exiting
2024/09/15 16:49:54 [notice] 32#32: exiting
2024/09/15 16:49:54 [notice] 33#33: exiting
2024/09/15 16:49:54 [notice] 31#31: exiting
2024/09/15 16:49:54 [notice] 34#34: exiting
2024/09/15 16:49:54 [notice] 35#35: exiting
2024/09/15 16:49:54 [notice] 36#36: exiting
2024/09/15 16:49:54 [notice] 37#37: exiting
2024/09/15 16:49:54 [notice] 38#38: exiting
2024/09/15 16:49:54 [notice] 32#32: exit
2024/09/15 16:49:54 [notice] 30#30: exit
2024/09/15 16:49:54 [notice] 29#29: exit
2024/09/15 16:49:54 [notice] 33#33: exit
2024/09/15 16:49:54 [notice] 28#28: exit
2024/09/15 16:49:54 [notice] 31#31: exit
2024/09/15 16:49:54 [notice] 35#35: exit
2024/09/15 16:49:54 [notice] 34#34: exit
2024/09/15 16:49:54 [notice] 37#37: exit
2024/09/15 16:49:54 [notice] 36#36: exit
2024/09/15 16:49:54 [notice] 38#38: exit
2024/09/15 16:49:54 [notice] 39#39: gracefully shutting down
2024/09/15 16:49:54 [notice] 39#39: exiting
2024/09/15 16:49:54 [notice] 39#39: exit
2024/09/15 16:49:54 [notice] 1#1: signal 17 (SIGCHLD) received from 32
2024/09/15 16:49:54 [notice] 1#1: worker process 32 exited with code 0
2024/09/15 16:49:54 [notice] 1#1: worker process 35 exited with code 0
2024/09/15 16:49:54 [notice] 1#1: signal 29 (SIGIO) received
2024/09/15 16:49:54 [notice] 1#1: signal 17 (SIGCHLD) received from 36
2024/09/15 16:49:54 [notice] 1#1: worker process 29 exited with code 0
2024/09/15 16:49:54 [notice] 1#1: worker process 36 exited with code 0
2024/09/15 16:49:54 [notice] 1#1: signal 29 (SIGIO) received
2024/09/15 16:49:54 [notice] 1#1: signal 17 (SIGCHLD) received from 34
2024/09/15 16:49:54 [notice] 1#1: worker process 28 exited with code 0
2024/09/15 16:49:54 [notice] 1#1: worker process 34 exited with code 0
2024/09/15 16:49:54 [notice] 1#1: signal 29 (SIGIO) received
2024/09/15 16:49:54 [notice] 1#1: signal 17 (SIGCHLD) received from 30
2024/09/15 16:49:54 [notice] 1#1: worker process 30 exited with code 0
2024/09/15 16:49:54 [notice] 1#1: worker process 33 exited with code 0
2024/09/15 16:49:54 [notice] 1#1: worker process 38 exited with code 0
2024/09/15 16:49:54 [notice] 1#1: worker process 39 exited with code 0
2024/09/15 16:49:54 [notice] 1#1: signal 29 (SIGIO) received
2024/09/15 16:49:54 [notice] 1#1: signal 17 (SIGCHLD) received from 39
2024/09/15 16:49:54 [notice] 1#1: signal 17 (SIGCHLD) received from 37
2024/09/15 16:49:54 [notice] 1#1: worker process 37 exited with code 0
2024/09/15 16:49:54 [notice] 1#1: signal 29 (SIGIO) received
2024/09/15 16:49:54 [notice] 1#1: signal 17 (SIGCHLD) received from 31
2024/09/15 16:49:54 [notice] 1#1: worker process 31 exited with code 0
2024/09/15 16:49:54 [notice] 1#1: exit
2024/09/15 16:49:56 [notice] 1#1: using the "epoll" event method
2024/09/15 16:49:56 [notice] 1#1: nginx/1.27.1
2024/09/15 16:49:56 [notice] 1#1: built by gcc 12.2.0 (Debian 12.2.0-14) 
2024/09/15 16:49:56 [notice] 1#1: OS: Linux 6.10.10-arch1-1
2024/09/15 16:49:56 [notice] 1#1: getrlimit(RLIMIT_NOFILE): 1073741816:1073741816
2024/09/15 16:49:56 [notice] 1#1: start worker processes
2024/09/15 16:49:56 [notice] 1#1: start worker process 28
2024/09/15 16:49:56 [notice] 1#1: start worker process 29
2024/09/15 16:49:56 [notice] 1#1: start worker process 30
2024/09/15 16:49:56 [notice] 1#1: start worker process 31
2024/09/15 16:49:56 [notice] 1#1: start worker process 32
2024/09/15 16:49:56 [notice] 1#1: start worker process 33
2024/09/15 16:49:56 [notice] 1#1: start worker process 34
2024/09/15 16:49:56 [notice] 1#1: start worker process 35
2024/09/15 16:49:56 [notice] 1#1: start worker process 36
2024/09/15 16:49:56 [notice] 1#1: start worker process 37
2024/09/15 16:49:56 [notice] 1#1: start worker process 38
2024/09/15 16:49:56 [notice] 1#1: start worker process 39
2024/09/15 16:56:08 [notice] 1#1: signal 3 (SIGQUIT) received, shutting down
2024/09/15 16:56:08 [notice] 28#28: gracefully shutting down
2024/09/15 16:56:08 [notice] 31#31: gracefully shutting down
2024/09/15 16:56:08 [notice] 30#30: gracefully shutting down
2024/09/15 16:56:08 [notice] 29#29: gracefully shutting down
2024/09/15 16:56:08 [notice] 32#32: gracefully shutting down
2024/09/15 16:56:08 [notice] 34#34: gracefully shutting down
2024/09/15 16:56:08 [notice] 30#30: exiting
2024/09/15 16:56:08 [notice] 31#31: exiting
2024/09/15 16:56:08 [notice] 28#28: exiting
2024/09/15 16:56:08 [notice] 29#29: exiting
2024/09/15 16:56:08 [notice] 32#32: exiting
2024/09/15 16:56:08 [notice] 33#33: gracefully shutting down
2024/09/15 16:56:08 [notice] 34#34: exiting
2024/09/15 16:56:08 [notice] 33#33: exiting
2024/09/15 16:56:08 [notice] 29#29: exit
2024/09/15 16:56:08 [notice] 30#30: exit
2024/09/15 16:56:08 [notice] 34#34: exit
2024/09/15 16:56:08 [notice] 32#32: exit
2024/09/15 16:56:08 [notice] 28#28: exit
2024/09/15 16:56:08 [notice] 31#31: exit
2024/09/15 16:56:08 [notice] 33#33: exit
2024/09/15 16:56:08 [notice] 35#35: gracefully shutting down
2024/09/15 16:56:08 [notice] 37#37: gracefully shutting down
2024/09/15 16:56:08 [notice] 36#36: gracefully shutting down
2024/09/15 16:56:08 [notice] 39#39: gracefully shutting down
2024/09/15 16:56:08 [notice] 38#38: gracefully shutting down
2024/09/15 16:56:08 [notice] 35#35: exiting
2024/09/15 16:56:08 [notice] 37#37: exiting
2024/09/15 16:56:08 [notice] 36#36: exiting
2024/09/15 16:56:08 [notice] 39#39: exiting
2024/09/15 16:56:08 [notice] 38#38: exiting
2024/09/15 16:56:08 [notice] 37#37: exit
2024/09/15 16:56:08 [notice] 39#39: exit
2024/09/15 16:56:08 [notice] 36#36: exit
2024/09/15 16:56:08 [notice] 35#35: exit
2024/09/15 16:56:08 [notice] 38#38: exit
2024/09/15 16:56:09 [notice] 1#1: signal 17 (SIGCHLD) received from 36
2024/09/15 16:56:09 [notice] 1#1: worker process 28 exited with code 0
2024/09/15 16:56:09 [notice] 1#1: worker process 30 exited with code 0
2024/09/15 16:56:09 [notice] 1#1: worker process 36 exited with code 0
2024/09/15 16:56:09 [notice] 1#1: signal 29 (SIGIO) received
2024/09/15 16:56:09 [notice] 1#1: signal 17 (SIGCHLD) received from 28
2024/09/15 16:56:09 [notice] 1#1: signal 17 (SIGCHLD) received from 32
2024/09/15 16:56:09 [notice] 1#1: worker process 32 exited with code 0
2024/09/15 16:56:09 [notice] 1#1: worker process 34 exited with code 0
2024/09/15 16:56:09 [notice] 1#1: signal 29 (SIGIO) received
2024/09/15 16:56:09 [notice] 1#1: signal 17 (SIGCHLD) received from 34
2024/09/15 16:56:09 [notice] 1#1: worker process 37 exited with code 0
2024/09/15 16:56:09 [notice] 1#1: signal 29 (SIGIO) received
2024/09/15 16:56:09 [notice] 1#1: signal 17 (SIGCHLD) received from 39
2024/09/15 16:56:09 [notice] 1#1: worker process 33 exited with code 0
2024/09/15 16:56:09 [notice] 1#1: worker process 35 exited with code 0
2024/09/15 16:56:09 [notice] 1#1: worker process 39 exited with code 0
2024/09/15 16:56:09 [notice] 1#1: signal 29 (SIGIO) received
2024/09/15 16:56:09 [notice] 1#1: signal 17 (SIGCHLD) received from 33
2024/09/15 16:56:09 [notice] 1#1: signal 17 (SIGCHLD) received from 38
2024/09/15 16:56:09 [notice] 1#1: worker process 31 exited with code 0
2024/09/15 16:56:09 [notice] 1#1: worker process 38 exited with code 0
2024/09/15 16:56:09 [notice] 1#1: signal 17 (SIGCHLD) received from 31
2024/09/15 16:56:09 [notice] 1#1: worker process 29 exited with code 0
2024/09/15 16:56:09 [notice] 1#1: exit
2024/09/16 05:56:52 [notice] 1#1: using the "epoll" event method
2024/09/16 05:56:52 [notice] 1#1: nginx/1.27.1
2024/09/16 05:56:52 [notice] 1#1: built by gcc 12.2.0 (Debian 12.2.0-14) 
2024/09/16 05:56:52 [notice] 1#1: OS: Linux 6.10.10-arch1-1
2024/09/16 05:56:52 [notice] 1#1: getrlimit(RLIMIT_NOFILE): 1073741816:1073741816
2024/09/16 05:56:52 [notice] 1#1: start worker processes
2024/09/16 05:56:52 [notice] 1#1: start worker process 28
2024/09/16 05:56:52 [notice] 1#1: start worker process 29
2024/09/16 05:56:52 [notice] 1#1: start worker process 30
2024/09/16 05:56:52 [notice] 1#1: start worker process 31
2024/09/16 05:56:52 [notice] 1#1: start worker process 32
2024/09/16 05:56:52 [notice] 1#1: start worker process 33
2024/09/16 05:56:52 [notice] 1#1: start worker process 34
2024/09/16 05:56:52 [notice] 1#1: start worker process 35
2024/09/16 05:56:52 [notice] 1#1: start worker process 36
2024/09/16 05:56:52 [notice] 1#1: start worker process 37
2024/09/16 05:56:52 [notice] 1#1: start worker process 38
2024/09/16 05:56:52 [notice] 1#1: start worker process 39
2024/09/16 05:57:57 [notice] 1#1: signal 3 (SIGQUIT) received, shutting down
2024/09/16 05:57:57 [notice] 28#28: gracefully shutting down
2024/09/16 05:57:57 [notice] 29#29: gracefully shutting down
2024/09/16 05:57:57 [notice] 30#30: gracefully shutting down
2024/09/16 05:57:57 [notice] 31#31: gracefully shutting down
2024/09/16 05:57:57 [notice] 32#32: gracefully shutting down
2024/09/16 05:57:57 [notice] 33#33: gracefully shutting down
2024/09/16 05:57:57 [notice] 28#28: exiting
2024/09/16 05:57:57 [notice] 34#34: gracefully shutting down
2024/09/16 05:57:57 [notice] 29#29: exiting
2024/09/16 05:57:57 [notice] 30#30: exiting
2024/09/16 05:57:57 [notice] 35#35: gracefully shutting down
2024/09/16 05:57:57 [notice] 31#31: exiting
2024/09/16 05:57:57 [notice] 36#36: gracefully shutting down
2024/09/16 05:57:57 [notice] 32#32: exiting
2024/09/16 05:57:57 [notice] 33#33: exiting
2024/09/16 05:57:57 [notice] 34#34: exiting
2024/09/16 05:57:57 [notice] 35#35: exiting
2024/09/16 05:57:57 [notice] 36#36: exiting
2024/09/16 05:57:57 [notice] 28#28: exit
2024/09/16 05:57:57 [notice] 30#30: exit
2024/09/16 05:57:57 [notice] 29#29: exit
2024/09/16 05:57:57 [notice] 31#31: exit
2024/09/16 05:57:57 [notice] 32#32: exit
2024/09/16 05:57:57 [notice] 33#33: exit
2024/09/16 05:57:57 [notice] 35#35: exit
2024/09/16 05:57:57 [notice] 34#34: exit
2024/09/16 05:57:57 [notice] 36#36: exit
2024/09/16 05:57:57 [notice] 38#38: gracefully shutting down
2024/09/16 05:57:57 [notice] 38#38: exiting
2024/09/16 05:57:57 [notice] 38#38: exit
2024/09/16 05:57:57 [notice] 37#37: gracefully shutting down
2024/09/16 05:57:57 [notice] 39#39: gracefully shutting down
2024/09/16 05:57:57 [notice] 37#37: exiting
2024/09/16 05:57:57 [notice] 39#39: exiting
2024/09/16 05:57:57 [notice] 37#37: exit
2024/09/16 05:57:57 [notice] 39#39: exit
2024/09/16 05:57:57 [notice] 1#1: signal 17 (SIGCHLD) received from 28
2024/09/16 05:57:57 [notice] 1#1: worker process 28 exited with code 0
2024/09/16 05:57:57 [notice] 1#1: worker process 37 exited with code 0
2024/09/16 05:57:57 [notice] 1#1: signal 29 (SIGIO) received
2024/09/16 05:57:57 [notice] 1#1: signal 17 (SIGCHLD) received from 37
2024/09/16 05:57:57 [notice] 1#1: signal 17 (SIGCHLD) received from 31
2024/09/16 05:57:57 [notice] 1#1: worker process 31 exited with code 0
2024/09/16 05:57:57 [notice] 1#1: signal 29 (SIGIO) received
2024/09/16 05:57:57 [notice] 1#1: signal 17 (SIGCHLD) received from 33
2024/09/16 05:57:57 [notice] 1#1: worker process 30 exited with code 0
2024/09/16 05:57:57 [notice] 1#1: worker process 33 exited with code 0
2024/09/16 05:57:57 [notice] 1#1: worker process 35 exited with code 0
2024/09/16 05:57:57 [notice] 1#1: signal 29 (SIGIO) received
2024/09/16 05:57:57 [notice] 1#1: signal 17 (SIGCHLD) received from 39
2024/09/16 05:57:57 [notice] 1#1: worker process 36 exited with code 0
2024/09/16 05:57:57 [notice] 1#1: worker process 39 exited with code 0
2024/09/16 05:57:57 [notice] 1#1: signal 29 (SIGIO) received
2024/09/16 05:57:57 [notice] 1#1: signal 17 (SIGCHLD) received from 36
2024/09/16 05:57:57 [notice] 1#1: signal 17 (SIGCHLD) received from 32
2024/09/16 05:57:57 [notice] 1#1: worker process 32 exited with code 0
2024/09/16 05:57:57 [notice] 1#1: signal 29 (SIGIO) received
2024/09/16 05:57:57 [notice] 1#1: signal 17 (SIGCHLD) received from 34
2024/09/16 05:57:57 [notice] 1#1: worker process 34 exited with code 0
2024/09/16 05:57:57 [notice] 1#1: signal 29 (SIGIO) received
2024/09/16 05:57:57 [notice] 1#1: signal 17 (SIGCHLD) received from 38
2024/09/16 05:57:57 [notice] 1#1: worker process 38 exited with code 0
2024/09/16 05:57:57 [notice] 1#1: worker process 29 exited with code 0
2024/09/16 05:57:57 [notice] 1#1: exit
2024/09/16 05:58:01 [notice] 1#1: using the "epoll" event method
2024/09/16 05:58:01 [notice] 1#1: nginx/1.27.1
2024/09/16 05:58:01 [notice] 1#1: built by gcc 12.2.0 (Debian 12.2.0-14) 
2024/09/16 05:58:01 [notice] 1#1: OS: Linux 6.10.10-arch1-1
2024/09/16 05:58:01 [notice] 1#1: getrlimit(RLIMIT_NOFILE): 1073741816:1073741816
2024/09/16 05:58:01 [notice] 1#1: start worker processes
2024/09/16 05:58:01 [notice] 1#1: start worker process 28
2024/09/16 05:58:01 [notice] 1#1: start worker process 29
2024/09/16 05:58:01 [notice] 1#1: start worker process 30
2024/09/16 05:58:01 [notice] 1#1: start worker process 31
2024/09/16 05:58:01 [notice] 1#1: start worker process 32
2024/09/16 05:58:01 [notice] 1#1: start worker process 33
2024/09/16 05:58:01 [notice] 1#1: start worker process 34
2024/09/16 05:58:01 [notice] 1#1: start worker process 35
2024/09/16 05:58:01 [notice] 1#1: start worker process 36
2024/09/16 05:58:01 [notice] 1#1: start worker process 37
2024/09/16 05:58:01 [notice] 1#1: start worker process 38
2024/09/16 05:58:01 [notice] 1#1: start worker process 39
